# JRE version: OpenJDK Runtime Environment (8.0_242-b01) (build 1.8.0_242-release-1644-b01)
# Java VM: OpenJDK 64-Bit Server VM (25.242-b01 mixed mode windows-amd64 compressed oops)
Heap:
 PSYoungGen      total 49664K, used 41550K [0x00000000e0000000, 0x00000000e4180000, 0x0000000100000000)
  eden space 39424K, 82% used [0x00000000e0000000,0x00000000e1ff0978,0x00000000e2680000)
  from space 10240K, 86% used [0x00000000e2680000,0x00000000e2f22f00,0x00000000e3080000)
  to   space 11264K, 0% used [0x00000000e3680000,0x00000000e3680000,0x00000000e4180000)
 ParOldGen       total 52224K, used 15815K [0x00000000a0000000, 0x00000000a3300000, 0x00000000e0000000)
  object space 52224K, 30% used [0x00000000a0000000,0x00000000a0f71f38,0x00000000a3300000)
 Metaspace       used 48250K, capacity 50272K, committed 50432K, reserved 1093632K
  class space    used 6499K, capacity 6864K, committed 6912K, reserved 1048576K
GC Heap History (10 events):
Event: 40.916 GC heap before
{Heap before GC invocations=25 (full 2):
 PSYoungGen      total 39936K, used 29696K [0x00000000e0000000, 0x00000000e3280000, 0x0000000100000000)
  eden space 29696K, 100% used [0x00000000e0000000,0x00000000e1d00000,0x00000000e1d00000)
  from space 10240K, 0% used [0x00000000e2700000,0x00000000e2700000,0x00000000e3100000)
  to   space 10240K, 0% used [0x00000000e1d00000,0x00000000e1d00000,0x00000000e2700000)
 ParOldGen       total 52224K, used 15775K [0x00000000a0000000, 0x00000000a3300000, 0x00000000e0000000)
  object space 52224K, 30% used [0x00000000a0000000,0x00000000a0f67f38,0x00000000a3300000)
 Metaspace       used 35874K, capacity 37084K, committed 37248K, reserved 1081344K
  class space    used 4925K, capacity 5231K, committed 5248K, reserved 1048576K
Event: 40.919 GC heap after
Heap after GC invocations=25 (full 2):
 PSYoungGen      total 39936K, used 2254K [0x00000000e0000000, 0x00000000e3800000, 0x0000000100000000)
  eden space 29696K, 0% used [0x00000000e0000000,0x00000000e0000000,0x00000000e1d00000)
  from space 10240K, 22% used [0x00000000e1d00000,0x00000000e1f339b0,0x00000000e2700000)
  to   space 10240K, 0% used [0x00000000e2e00000,0x00000000e2e00000,0x00000000e3800000)
 ParOldGen       total 52224K, used 15783K [0x00000000a0000000, 0x00000000a3300000, 0x00000000e0000000)
  object space 52224K, 30% used [0x00000000a0000000,0x00000000a0f69f38,0x00000000a3300000)
 Metaspace       used 35874K, capacity 37084K, committed 37248K, reserved 1081344K
  class space    used 4925K, capacity 5231K, committed 5248K, reserved 1048576K
}
Event: 49.957 GC heap before
{Heap before GC invocations=26 (full 2):
 PSYoungGen      total 39936K, used 31950K [0x00000000e0000000, 0x00000000e3800000, 0x0000000100000000)
  eden space 29696K, 100% used [0x00000000e0000000,0x00000000e1d00000,0x00000000e1d00000)
  from space 10240K, 22% used [0x00000000e1d00000,0x00000000e1f339b0,0x00000000e2700000)
  to   space 10240K, 0% used [0x00000000e2e00000,0x00000000e2e00000,0x00000000e3800000)
 ParOldGen       total 52224K, used 15783K [0x00000000a0000000, 0x00000000a3300000, 0x00000000e0000000)
  object space 52224K, 30% used [0x00000000a0000000,0x00000000a0f69f38,0x00000000a3300000)
 Metaspace       used 37161K, capacity 38656K, committed 38784K, reserved 1083392K
  class space    used 5091K, capacity 5395K, committed 5504K, reserved 1048576K
Event: 49.964 GC heap after
Heap after GC invocations=26 (full 2):
 PSYoungGen      total 44032K, used 2885K [0x00000000e0000000, 0x00000000e3600000, 0x0000000100000000)
  eden space 35840K, 0% used [0x00000000e0000000,0x00000000e0000000,0x00000000e2300000)
  from space 8192K, 35% used [0x00000000e2e00000,0x00000000e30d15a0,0x00000000e3600000)
  to   space 9728K, 0% used [0x00000000e2300000,0x00000000e2300000,0x00000000e2c80000)
 ParOldGen       total 52224K, used 15791K [0x00000000a0000000, 0x00000000a3300000, 0x00000000e0000000)
  object space 52224K, 30% used [0x00000000a0000000,0x00000000a0f6bf38,0x00000000a3300000)
 Metaspace       used 37161K, capacity 38656K, committed 38784K, reserved 1083392K
  class space    used 5091K, capacity 5395K, committed 5504K, reserved 1048576K
}
Event: 57.769 GC heap before
{Heap before GC invocations=27 (full 2):
 PSYoungGen      total 44032K, used 38725K [0x00000000e0000000, 0x00000000e3600000, 0x0000000100000000)
  eden space 35840K, 100% used [0x00000000e0000000,0x00000000e2300000,0x00000000e2300000)
  from space 8192K, 35% used [0x00000000e2e00000,0x00000000e30d15a0,0x00000000e3600000)
  to   space 9728K, 0% used [0x00000000e2300000,0x00000000e2300000,0x00000000e2c80000)
 ParOldGen       total 52224K, used 15791K [0x00000000a0000000, 0x00000000a3300000, 0x00000000e0000000)
  object space 52224K, 30% used [0x00000000a0000000,0x00000000a0f6bf38,0x00000000a3300000)
 Metaspace       used 38217K, capacity 39950K, committed 40192K, reserved 1083392K
  class space    used 5233K, capacity 5608K, committed 5632K, reserved 1048576K
Event: 57.780 GC heap after
Heap after GC invocations=27 (full 2):
 PSYoungGen      total 45568K, used 4270K [0x00000000e0000000, 0x00000000e3980000, 0x0000000100000000)
  eden space 35840K, 0% used [0x00000000e0000000,0x00000000e0000000,0x00000000e2300000)
  from space 9728K, 43% used [0x00000000e2300000,0x00000000e272bbe8,0x00000000e2c80000)
  to   space 9216K, 0% used [0x00000000e3080000,0x00000000e3080000,0x00000000e3980000)
 ParOldGen       total 52224K, used 15799K [0x00000000a0000000, 0x00000000a3300000, 0x00000000e0000000)
  object space 52224K, 30% used [0x00000000a0000000,0x00000000a0f6df38,0x00000000a3300000)
 Metaspace       used 38217K, capacity 39950K, committed 40192K, reserved 1083392K
  class space    used 5233K, capacity 5608K, committed 5632K, reserved 1048576K
}
Event: 63.109 GC heap before
{Heap before GC invocations=28 (full 2):
 PSYoungGen      total 45568K, used 40110K [0x00000000e0000000, 0x00000000e3980000, 0x0000000100000000)
  eden space 35840K, 100% used [0x00000000e0000000,0x00000000e2300000,0x00000000e2300000)
  from space 9728K, 43% used [0x00000000e2300000,0x00000000e272bbe8,0x00000000e2c80000)
  to   space 9216K, 0% used [0x00000000e3080000,0x00000000e3080000,0x00000000e3980000)
 ParOldGen       total 52224K, used 15799K [0x00000000a0000000, 0x00000000a3300000, 0x00000000e0000000)
  object space 52224K, 30% used [0x00000000a0000000,0x00000000a0f6df38,0x00000000a3300000)
 Metaspace       used 42727K, capacity 44562K, committed 44928K, reserved 1087488K
  class space    used 5788K, capacity 6156K, committed 6272K, reserved 1048576K
Event: 63.131 GC heap after
Heap after GC invocations=28 (full 2):
 PSYoungGen      total 48640K, used 7723K [0x00000000e0000000, 0x00000000e3b80000, 0x0000000100000000)
  eden space 39424K, 0% used [0x00000000e0000000,0x00000000e0000000,0x00000000e2680000)
  from space 9216K, 83% used [0x00000000e3080000,0x00000000e380ae98,0x00000000e3980000)
  to   space 10240K, 0% used [0x00000000e2680000,0x00000000e2680000,0x00000000e3080000)
 ParOldGen       total 52224K, used 15807K [0x00000000a0000000, 0x00000000a3300000, 0x00000000e0000000)
  object space 52224K, 30% used [0x00000000a0000000,0x00000000a0f6ff38,0x00000000a3300000)
 Metaspace       used 42727K, capacity 44562K, committed 44928K, reserved 1087488K
  class space    used 5788K, capacity 6156K, committed 6272K, reserved 1048576K
}
Event: 66.208 GC heap before
{Heap before GC invocations=29 (full 2):
 PSYoungGen      total 48640K, used 47147K [0x00000000e0000000, 0x00000000e3b80000, 0x0000000100000000)
  eden space 39424K, 100% used [0x00000000e0000000,0x00000000e2680000,0x00000000e2680000)
  from space 9216K, 83% used [0x00000000e3080000,0x00000000e380ae98,0x00000000e3980000)
  to   space 10240K, 0% used [0x00000000e2680000,0x00000000e2680000,0x00000000e3080000)
 ParOldGen       total 52224K, used 15807K [0x00000000a0000000, 0x00000000a3300000, 0x00000000e0000000)
  object space 52224K, 30% used [0x00000000a0000000,0x00000000a0f6ff38,0x00000000a3300000)
 Metaspace       used 45635K, capacity 47478K, committed 47616K, reserved 1089536K
  class space    used 6171K, capacity 6551K, committed 6656K, reserved 1048576K
Event: 66.231 GC heap after
Heap after GC invocations=29 (full 2):
 PSYoungGen      total 49664K, used 8843K [0x00000000e0000000, 0x00000000e4180000, 0x0000000100000000)
  eden space 39424K, 0% used [0x00000000e0000000,0x00000000e0000000,0x00000000e2680000)
  from space 10240K, 86% used [0x00000000e2680000,0x00000000e2f22f00,0x00000000e3080000)
  to   space 11264K, 0% used [0x00000000e3680000,0x00000000e3680000,0x00000000e4180000)
 ParOldGen       total 52224K, used 15815K [0x00000000a0000000, 0x00000000a3300000, 0x00000000e0000000)
  object space 52224K, 30% used [0x00000000a0000000,0x00000000a0f71f38,0x00000000a3300000)
 Metaspace       used 45635K, capacity 47478K, committed 47616K, reserved 1089536K
  class space    used 6171K, capacity 6551K, committed 6656K, reserved 1048576K
}

