# JRE version: OpenJDK Runtime Environment (8.0_242-b01) (build 1.8.0_242-release-1644-b01)
# Java VM: OpenJDK 64-Bit Server VM (25.242-b01 mixed mode windows-amd64 compressed oops)
Heap:
 PSYoungGen      total 66560K, used 19231K [0x00000000e0000000, 0x00000000e4b00000, 0x0000000100000000)
  eden space 57344K, 33% used [0x00000000e0000000,0x00000000e12c7e80,0x00000000e3800000)
  from space 9216K, 0% used [0x00000000e4180000,0x00000000e4180000,0x00000000e4a80000)
  to   space 9728K, 0% used [0x00000000e3800000,0x00000000e3800000,0x00000000e4180000)
 ParOldGen       total 52736K, used 34499K [0x00000000a0000000, 0x00000000a3380000, 0x00000000e0000000)
  object space 52736K, 65% used [0x00000000a0000000,0x00000000a21b0ef0,0x00000000a3380000)
 Metaspace       used 57287K, capacity 59956K, committed 60160K, reserved 1101824K
  class space    used 7833K, capacity 8370K, committed 8448K, reserved 1048576K
GC Heap History (10 events):
Event: 93.370 GC heap before
{Heap before GC invocations=33 (full 2):
 PSYoungGen      total 52224K, used 48716K [0x00000000e0000000, 0x00000000e3c00000, 0x0000000100000000)
  eden space 44032K, 100% used [0x00000000e0000000,0x00000000e2b00000,0x00000000e2b00000)
  from space 8192K, 57% used [0x00000000e3400000,0x00000000e38932c8,0x00000000e3c00000)
  to   space 8704K, 0% used [0x00000000e2b00000,0x00000000e2b00000,0x00000000e3380000)
 ParOldGen       total 52736K, used 20296K [0x00000000a0000000, 0x00000000a3380000, 0x00000000e0000000)
  object space 52736K, 38% used [0x00000000a0000000,0x00000000a13d2010,0x00000000a3380000)
 Metaspace       used 51512K, capacity 53616K, committed 53888K, reserved 1095680K
  class space    used 6859K, capacity 7252K, committed 7296K, reserved 1048576K
Event: 93.386 GC heap after
Heap after GC invocations=33 (full 2):
 PSYoungGen      total 52736K, used 5161K [0x00000000e0000000, 0x00000000e4280000, 0x0000000100000000)
  eden space 44032K, 0% used [0x00000000e0000000,0x00000000e0000000,0x00000000e2b00000)
  from space 8704K, 59% used [0x00000000e2b00000,0x00000000e300a6a0,0x00000000e3380000)
  to   space 8704K, 0% used [0x00000000e3a00000,0x00000000e3a00000,0x00000000e4280000)
 ParOldGen       total 52736K, used 23485K [0x00000000a0000000, 0x00000000a3380000, 0x00000000e0000000)
  object space 52736K, 44% used [0x00000000a0000000,0x00000000a16ef628,0x00000000a3380000)
 Metaspace       used 51512K, capacity 53616K, committed 53888K, reserved 1095680K
  class space    used 6859K, capacity 7252K, committed 7296K, reserved 1048576K
}
Event: 94.974 GC heap before
{Heap before GC invocations=34 (full 2):
 PSYoungGen      total 52736K, used 49193K [0x00000000e0000000, 0x00000000e4280000, 0x0000000100000000)
  eden space 44032K, 100% used [0x00000000e0000000,0x00000000e2b00000,0x00000000e2b00000)
  from space 8704K, 59% used [0x00000000e2b00000,0x00000000e300a6a0,0x00000000e3380000)
  to   space 8704K, 0% used [0x00000000e3a00000,0x00000000e3a00000,0x00000000e4280000)
 ParOldGen       total 52736K, used 23485K [0x00000000a0000000, 0x00000000a3380000, 0x00000000e0000000)
  object space 52736K, 44% used [0x00000000a0000000,0x00000000a16ef628,0x00000000a3380000)
 Metaspace       used 52115K, capacity 54424K, committed 54528K, reserved 1095680K
  class space    used 6957K, capacity 7407K, committed 7424K, reserved 1048576K
Event: 94.996 GC heap after
Heap after GC invocations=34 (full 2):
 PSYoungGen      total 59392K, used 5217K [0x00000000e0000000, 0x00000000e4200000, 0x0000000100000000)
  eden space 51200K, 0% used [0x00000000e0000000,0x00000000e0000000,0x00000000e3200000)
  from space 8192K, 63% used [0x00000000e3a00000,0x00000000e3f184a0,0x00000000e4200000)
  to   space 8192K, 0% used [0x00000000e3200000,0x00000000e3200000,0x00000000e3a00000)
 ParOldGen       total 52736K, used 23493K [0x00000000a0000000, 0x00000000a3380000, 0x00000000e0000000)
  object space 52736K, 44% used [0x00000000a0000000,0x00000000a16f1628,0x00000000a3380000)
 Metaspace       used 52115K, capacity 54424K, committed 54528K, reserved 1095680K
  class space    used 6957K, capacity 7407K, committed 7424K, reserved 1048576K
}
Event: 98.380 GC heap before
{Heap before GC invocations=35 (full 2):
 PSYoungGen      total 59392K, used 56417K [0x00000000e0000000, 0x00000000e4200000, 0x0000000100000000)
  eden space 51200K, 100% used [0x00000000e0000000,0x00000000e3200000,0x00000000e3200000)
  from space 8192K, 63% used [0x00000000e3a00000,0x00000000e3f184a0,0x00000000e4200000)
  to   space 8192K, 0% used [0x00000000e3200000,0x00000000e3200000,0x00000000e3a00000)
 ParOldGen       total 52736K, used 23493K [0x00000000a0000000, 0x00000000a3380000, 0x00000000e0000000)
  object space 52736K, 44% used [0x00000000a0000000,0x00000000a16f1628,0x00000000a3380000)
 Metaspace       used 53345K, capacity 55824K, committed 56064K, reserved 1097728K
  class space    used 7133K, capacity 7650K, committed 7680K, reserved 1048576K
Event: 98.396 GC heap after
Heap after GC invocations=35 (full 2):
 PSYoungGen      total 59392K, used 7326K [0x00000000e0000000, 0x00000000e4a80000, 0x0000000100000000)
  eden space 51200K, 0% used [0x00000000e0000000,0x00000000e0000000,0x00000000e3200000)
  from space 8192K, 89% used [0x00000000e3200000,0x00000000e3927938,0x00000000e3a00000)
  to   space 9216K, 0% used [0x00000000e4180000,0x00000000e4180000,0x00000000e4a80000)
 ParOldGen       total 52736K, used 25336K [0x00000000a0000000, 0x00000000a3380000, 0x00000000e0000000)
  object space 52736K, 48% used [0x00000000a0000000,0x00000000a18be078,0x00000000a3380000)
 Metaspace       used 53345K, capacity 55824K, committed 56064K, reserved 1097728K
  class space    used 7133K, capacity 7650K, committed 7680K, reserved 1048576K
}
Event: 101.934 GC heap before
{Heap before GC invocations=36 (full 2):
 PSYoungGen      total 59392K, used 35356K [0x00000000e0000000, 0x00000000e4a80000, 0x0000000100000000)
  eden space 51200K, 54% used [0x00000000e0000000,0x00000000e1b5fa28,0x00000000e3200000)
  from space 8192K, 89% used [0x00000000e3200000,0x00000000e3927938,0x00000000e3a00000)
  to   space 9216K, 0% used [0x00000000e4180000,0x00000000e4180000,0x00000000e4a80000)
 ParOldGen       total 52736K, used 25336K [0x00000000a0000000, 0x00000000a3380000, 0x00000000e0000000)
  object space 52736K, 48% used [0x00000000a0000000,0x00000000a18be078,0x00000000a3380000)
 Metaspace       used 56292K, capacity 58914K, committed 59096K, reserved 1099776K
  class space    used 7664K, capacity 8197K, committed 8320K, reserved 1048576K
Event: 101.955 GC heap after
Heap after GC invocations=36 (full 2):
 PSYoungGen      total 66560K, used 7421K [0x00000000e0000000, 0x00000000e4b00000, 0x0000000100000000)
  eden space 57344K, 0% used [0x00000000e0000000,0x00000000e0000000,0x00000000e3800000)
  from space 9216K, 80% used [0x00000000e4180000,0x00000000e48bf520,0x00000000e4a80000)
  to   space 9728K, 0% used [0x00000000e3800000,0x00000000e3800000,0x00000000e4180000)
 ParOldGen       total 52736K, used 28168K [0x00000000a0000000, 0x00000000a3380000, 0x00000000e0000000)
  object space 52736K, 53% used [0x00000000a0000000,0x00000000a1b82098,0x00000000a3380000)
 Metaspace       used 56292K, capacity 58914K, committed 59096K, reserved 1099776K
  class space    used 7664K, capacity 8197K, committed 8320K, reserved 1048576K
}
Event: 101.955 GC heap before
{Heap before GC invocations=37 (full 3):
 PSYoungGen      total 66560K, used 7421K [0x00000000e0000000, 0x00000000e4b00000, 0x0000000100000000)
  eden space 57344K, 0% used [0x00000000e0000000,0x00000000e0000000,0x00000000e3800000)
  from space 9216K, 80% used [0x00000000e4180000,0x00000000e48bf520,0x00000000e4a80000)
  to   space 9728K, 0% used [0x00000000e3800000,0x00000000e3800000,0x00000000e4180000)
 ParOldGen       total 52736K, used 28168K [0x00000000a0000000, 0x00000000a3380000, 0x00000000e0000000)
  object space 52736K, 53% used [0x00000000a0000000,0x00000000a1b82098,0x00000000a3380000)
 Metaspace       used 56292K, capacity 58914K, committed 59096K, reserved 1099776K
  class space    used 7664K, capacity 8197K, committed 8320K, reserved 1048576K
Event: 102.565 GC heap after
Heap after GC invocations=37 (full 3):
 PSYoungGen      total 66560K, used 0K [0x00000000e0000000, 0x00000000e4b00000, 0x0000000100000000)
  eden space 57344K, 0% used [0x00000000e0000000,0x00000000e0000000,0x00000000e3800000)
  from space 9216K, 0% used [0x00000000e4180000,0x00000000e4180000,0x00000000e4a80000)
  to   space 9728K, 0% used [0x00000000e3800000,0x00000000e3800000,0x00000000e4180000)
 ParOldGen       total 52736K, used 34499K [0x00000000a0000000, 0x00000000a3380000, 0x00000000e0000000)
  object space 52736K, 65% used [0x00000000a0000000,0x00000000a21b0ef0,0x00000000a3380000)
 Metaspace       used 56274K, capacity 58854K, committed 59096K, reserved 1099776K
  class space    used 7658K, capacity 8187K, committed 8320K, reserved 1048576K
}

